<?xml version="1.0" encoding="UTF-8"?>
<robot generator="Robot 7.0 (Python 3.8.10 on linux)" generated="2024-03-04T15:57:52.005999" rpa="false" schemaversion="5">
<suite id="s1" name="Crm Tests" source="/home/ankit/Robot-Framework-Test-Automation/crm/tests/crm_tests.robot">
<test id="s1-t1" name="Sould be able to add new customer" line="12">
<kw name="Begin Web Test" owner="crm_common" type="SETUP">
<kw name="Set Selenium Speed" owner="SeleniumLibrary">
<arg>.2s</arg>
<doc>Sets the delay that is waited after each Selenium command.</doc>
<status status="PASS" start="2024-03-04T15:57:52.094802" elapsed="0.000220"/>
</kw>
<kw name="Set Selenium Timeout" owner="SeleniumLibrary">
<arg>10s</arg>
<doc>Sets the timeout that is used by various keywords.</doc>
<status status="PASS" start="2024-03-04T15:57:52.095167" elapsed="0.000167"/>
</kw>
<kw name="Log" owner="BuiltIn">
<msg time="2024-03-04T15:57:52.095562" level="INFO">starting the test case!</msg>
<arg>starting the test case!</arg>
<doc>Logs the given message with the given level.</doc>
<status status="PASS" start="2024-03-04T15:57:52.095452" elapsed="0.000165"/>
</kw>
<kw name="Open Browser" owner="SeleniumLibrary">
<msg time="2024-03-04T15:57:52.095907" level="INFO">Opening browser 'firefox' to base url 'about:blank'.</msg>
<arg>about:blank</arg>
<arg>${BROSWER}</arg>
<doc>Opens a new browser instance to the optional ``url``.</doc>
<status status="PASS" start="2024-03-04T15:57:52.095742" elapsed="3.566416"/>
</kw>
<kw name="Maximize Browser Window" owner="SeleniumLibrary">
<doc>Maximizes current browser window.</doc>
<status status="PASS" start="2024-03-04T15:57:55.662933" elapsed="0.212502"/>
</kw>
<status status="PASS" start="2024-03-04T15:57:52.094217" elapsed="3.781581"/>
</kw>
<kw name="Go To &quot;HOME&quot; Page" owner="crmapp">
<kw name="Navigate To" owner="home">
<kw name="Go To" owner="SeleniumLibrary">
<msg time="2024-03-04T15:57:55.877760" level="INFO">Opening url 'https://automationplayground.com/crm/'</msg>
<arg>${URL}</arg>
<doc>Navigates the current browser window to the provided ``url``.</doc>
<status status="PASS" start="2024-03-04T15:57:55.877565" elapsed="1.179556"/>
</kw>
<status status="PASS" start="2024-03-04T15:57:55.877265" elapsed="1.180279"/>
</kw>
<kw name="Verify Page Loaded" owner="home">
<kw name="Wait Until Page Contains" owner="SeleniumLibrary">
<arg>${HOME_HEADER_LEBEL}</arg>
<doc>Waits until ``text`` appears on the current page.</doc>
<status status="PASS" start="2024-03-04T15:57:57.058850" elapsed="0.223957"/>
</kw>
<status status="PASS" start="2024-03-04T15:57:57.058103" elapsed="0.224893"/>
</kw>
<status status="PASS" start="2024-03-04T15:57:55.876596" elapsed="1.406468"/>
</kw>
<kw name="Login With Valid Credential" owner="crmapp">
<kw name="Click &quot;Sign In&quot; Link" owner="topnav">
<kw name="Click Link" owner="SeleniumLibrary">
<msg time="2024-03-04T15:57:57.285316" level="INFO">Clicking link 'id=SignIn'.</msg>
<arg>${TOPNAV_SIGNIN_LINK}</arg>
<doc>Clicks a link identified by ``locator``.</doc>
<status status="PASS" start="2024-03-04T15:57:57.284725" elapsed="1.002826"/>
</kw>
<status status="PASS" start="2024-03-04T15:57:57.284341" elapsed="1.003409"/>
</kw>
<kw name="Verify Page Loaded" owner="signin">
<kw name="Wait Until Page Contains" owner="SeleniumLibrary">
<arg>Login</arg>
<doc>Waits until ``text`` appears on the current page.</doc>
<status status="PASS" start="2024-03-04T15:57:58.288364" elapsed="0.208122"/>
</kw>
<status status="PASS" start="2024-03-04T15:57:58.288025" elapsed="0.209237"/>
</kw>
<kw name="Login With Valid Credential" owner="signin">
<kw name="Fill &quot;Email&quot; Feild" owner="signin">
<kw name="Input Text" owner="SeleniumLibrary">
<msg time="2024-03-04T15:57:58.499048" level="INFO">Typing text 'admin@robotframeworktutorial.com' into text field 'id=email-id'.</msg>
<arg>id=email-id</arg>
<arg>${Email}</arg>
<doc>Types the given ``text`` into the text field identified by ``locator``.</doc>
<status status="PASS" start="2024-03-04T15:57:58.498764" elapsed="0.701265"/>
</kw>
<arg>${Email}</arg>
<status status="PASS" start="2024-03-04T15:57:58.498427" elapsed="0.701874"/>
</kw>
<kw name="Fill &quot;Password&quot; Feild" owner="signin">
<kw name="Input Text" owner="SeleniumLibrary">
<msg time="2024-03-04T15:57:59.201511" level="INFO">Typing text 'qwe' into text field 'id=password'.</msg>
<arg>id=password</arg>
<arg>${Password}</arg>
<doc>Types the given ``text`` into the text field identified by ``locator``.</doc>
<status status="PASS" start="2024-03-04T15:57:59.201227" elapsed="0.634928"/>
</kw>
<arg>${Password}</arg>
<status status="PASS" start="2024-03-04T15:57:59.200615" elapsed="0.635732"/>
</kw>
<kw name="Click &quot;Submit&quot; Button" owner="signin">
<kw name="Click Button" owner="SeleniumLibrary">
<msg time="2024-03-04T15:57:59.837319" level="INFO">Clicking button 'id=submit-id'.</msg>
<arg>id=submit-id</arg>
<doc>Clicks the button identified by ``locator``.</doc>
<status status="PASS" start="2024-03-04T15:57:59.837107" elapsed="1.425213"/>
</kw>
<status status="PASS" start="2024-03-04T15:57:59.836593" elapsed="1.426024"/>
</kw>
<arg>${Email}</arg>
<arg>${Password}</arg>
<status status="PASS" start="2024-03-04T15:57:58.497932" elapsed="2.764773"/>
</kw>
<kw name="Verify Page Loaded" owner="customer">
<kw name="Wait Until Page Contains" owner="SeleniumLibrary">
<arg>${CUSTMOER_HEADER_LEBEL}</arg>
<doc>Waits until ``text`` appears on the current page.</doc>
<status status="PASS" start="2024-03-04T15:58:01.263311" elapsed="0.207412"/>
</kw>
<status status="PASS" start="2024-03-04T15:58:01.262972" elapsed="0.207975"/>
</kw>
<arg>${VALID_LOGIN_EMAIL}</arg>
<arg>${VALID_LOGIN_PASSWORD}</arg>
<status status="PASS" start="2024-03-04T15:57:57.283809" elapsed="4.187289"/>
</kw>
<kw name="Add New Customer" owner="crmapp">
<kw name="Click &quot;Add Customer&quot; Link" owner="customer">
<kw name="Click Link" owner="SeleniumLibrary">
<msg time="2024-03-04T15:58:01.473013" level="INFO">Clicking link 'id=new-customer'.</msg>
<arg>${CUSTMOER_ADDCUSTOMER_LINK}</arg>
<doc>Clicks a link identified by ``locator``.</doc>
<status status="PASS" start="2024-03-04T15:58:01.472595" elapsed="1.161203"/>
</kw>
<status status="PASS" start="2024-03-04T15:58:01.472327" elapsed="1.161734"/>
</kw>
<kw name="Verify Page Loaded" owner="addcustomer">
<kw name="Wait Until Page Contains" owner="SeleniumLibrary">
<arg>Add Customer</arg>
<doc>Waits until ``text`` appears on the current page.</doc>
<status status="PASS" start="2024-03-04T15:58:02.634875" elapsed="0.209271"/>
</kw>
<status status="PASS" start="2024-03-04T15:58:02.634441" elapsed="0.209904"/>
</kw>
<kw name="Add New Customer" owner="addcustomer">
<kw name="Fill Customer Feild" owner="addcustomer">
<kw name="Input Text" owner="SeleniumLibrary">
<msg time="2024-03-04T15:58:02.845736" level="INFO">Typing text 'ankitnaya@gmail.com' into text field 'id=EmailAddress'.</msg>
<arg>id=EmailAddress</arg>
<arg>ankitnaya@gmail.com</arg>
<doc>Types the given ``text`` into the text field identified by ``locator``.</doc>
<status status="PASS" start="2024-03-04T15:58:02.845512" elapsed="0.699444"/>
</kw>
<kw name="Input Text" owner="SeleniumLibrary">
<msg time="2024-03-04T15:58:03.545657" level="INFO">Typing text 'ankit' into text field 'id=FirstName'.</msg>
<arg>id=FirstName</arg>
<arg>ankit</arg>
<doc>Types the given ``text`` into the text field identified by ``locator``.</doc>
<status status="PASS" start="2024-03-04T15:58:03.545312" elapsed="0.639675"/>
</kw>
<kw name="Input Text" owner="SeleniumLibrary">
<msg time="2024-03-04T15:58:04.185579" level="INFO">Typing text 'nayak' into text field 'id=LastName'.</msg>
<arg>id=LastName</arg>
<arg>nayak</arg>
<doc>Types the given ``text`` into the text field identified by ``locator``.</doc>
<status status="PASS" start="2024-03-04T15:58:04.185305" elapsed="0.640485"/>
</kw>
<kw name="Input Text" owner="SeleniumLibrary">
<msg time="2024-03-04T15:58:04.826484" level="INFO">Typing text 'Dallas' into text field 'id=City'.</msg>
<arg>id=City</arg>
<arg>Dallas</arg>
<doc>Types the given ``text`` into the text field identified by ``locator``.</doc>
<status status="PASS" start="2024-03-04T15:58:04.826147" elapsed="0.658240"/>
</kw>
<kw name="Scroll Page Down" owner="addcustomer">
<kw name="Execute Javascript" owner="SeleniumLibrary">
<msg time="2024-03-04T15:58:05.486866" level="INFO">Executing JavaScript:
window.scrollTo(0, document.body.scrollHeight);
Without any arguments.</msg>
<arg>window.scrollTo(0, document.body.scrollHeight);</arg>
<doc>Executes the given JavaScript code with possible arguments.</doc>
<status status="PASS" start="2024-03-04T15:58:05.486380" elapsed="0.210584"/>
</kw>
<status status="PASS" start="2024-03-04T15:58:05.485866" elapsed="0.211429"/>
</kw>
<kw name="Select From List By Value" owner="SeleniumLibrary">
<msg time="2024-03-04T15:58:05.697911" level="INFO">Selecting options from selection list 'id=StateOrRegion' by value TX.</msg>
<arg>id=StateOrRegion</arg>
<arg>TX</arg>
<doc>Selects options from selection list ``locator`` by ``values``.</doc>
<status status="PASS" start="2024-03-04T15:58:05.697601" elapsed="1.917509"/>
</kw>
<kw name="Select Radio Button" owner="SeleniumLibrary">
<msg time="2024-03-04T15:58:07.615639" level="INFO">Selecting 'male' from radio button 'gender'.</msg>
<arg>gender</arg>
<arg>male</arg>
<doc>Sets the radio button group ``group_name`` to ``value``.</doc>
<status status="PASS" start="2024-03-04T15:58:07.615392" elapsed="0.850923"/>
</kw>
<kw name="Select Checkbox" owner="SeleniumLibrary">
<msg time="2024-03-04T15:58:08.467411" level="INFO">Selecting checkbox 'name=promos-name'.</msg>
<arg>name=promos-name</arg>
<doc>Selects the checkbox identified by ``locator``.</doc>
<status status="PASS" start="2024-03-04T15:58:08.466865" elapsed="1.287821"/>
</kw>
<status status="PASS" start="2024-03-04T15:58:02.845271" elapsed="6.909571"/>
</kw>
<kw name="Click Submit Button" owner="addcustomer">
<kw name="Click Button" owner="SeleniumLibrary">
<msg time="2024-03-04T15:58:09.756489" level="INFO">Clicking button 'Submit'.</msg>
<arg>${ADDCUSTMOER_SUBMIT_BUTTON}</arg>
<doc>Clicks the button identified by ``locator``.</doc>
<status status="PASS" start="2024-03-04T15:58:09.756050" elapsed="1.162163"/>
</kw>
<status status="PASS" start="2024-03-04T15:58:09.755354" elapsed="1.163093"/>
</kw>
<status status="PASS" start="2024-03-04T15:58:02.844918" elapsed="8.073609"/>
</kw>
<kw name="Verify Customer Added Successfully" owner="customer">
<kw name="Wait Until Page Contains" owner="SeleniumLibrary">
<arg>${CUSTMOER_ADDCUSTOMERSUCCESS_TEXT}</arg>
<doc>Waits until ``text`` appears on the current page.</doc>
<status status="PASS" start="2024-03-04T15:58:10.919076" elapsed="0.207911"/>
</kw>
<status status="PASS" start="2024-03-04T15:58:10.918701" elapsed="0.208488"/>
</kw>
<status status="PASS" start="2024-03-04T15:58:01.471668" elapsed="9.655601"/>
</kw>
<kw name="SignOut" owner="crmapp">
<kw name="Click &quot;Sign Out&quot; Link" owner="topnav">
<kw name="Click Link" owner="SeleniumLibrary">
<msg time="2024-03-04T15:58:11.128664" level="INFO">Clicking link 'Sign Out'.</msg>
<arg>${TOPNAV_SIGNOUT_LINK}</arg>
<doc>Clicks a link identified by ``locator``.</doc>
<status status="PASS" start="2024-03-04T15:58:11.128374" elapsed="0.926267"/>
</kw>
<status status="PASS" start="2024-03-04T15:58:11.128084" elapsed="0.926754"/>
</kw>
<kw name="Verify Page Loaded" owner="loggout">
<kw name="Wait Until Page Contains" owner="SeleniumLibrary">
<arg>Signed Out</arg>
<doc>Waits until ``text`` appears on the current page.</doc>
<status status="PASS" start="2024-03-04T15:58:12.055441" elapsed="0.207543"/>
</kw>
<status status="PASS" start="2024-03-04T15:58:12.055077" elapsed="0.208119"/>
</kw>
<status status="PASS" start="2024-03-04T15:58:11.127681" elapsed="1.135594"/>
</kw>
<kw name="End Web Test" owner="crm_common" type="TEARDOWN">
<kw name="Close All Browsers" owner="SeleniumLibrary">
<doc>Closes all open browsers and resets the browser cache.</doc>
<status status="PASS" start="2024-03-04T15:58:12.264141" elapsed="1.104075"/>
</kw>
<status status="PASS" start="2024-03-04T15:58:12.263789" elapsed="1.104557"/>
</kw>
<doc>This is some basic info about the test</doc>
<tag>smoke</tag>
<status status="PASS" start="2024-03-04T15:57:52.093620" elapsed="21.274860"/>
</test>
<doc>This is some basic info about suite</doc>
<status status="PASS" start="2024-03-04T15:57:52.006753" elapsed="21.362432"/>
</suite>
<statistics>
<total>
<stat pass="1" fail="0" skip="0">All Tests</stat>
</total>
<tag>
<stat pass="1" fail="0" skip="0">smoke</stat>
</tag>
<suite>
<stat pass="1" fail="0" skip="0" id="s1" name="Crm Tests">Crm Tests</stat>
</suite>
</statistics>
<errors>
</errors>
</robot>
