<?xml version="1.0" encoding="UTF-8"?>
<robot generator="Robot 7.0 (Python 3.8.10 on linux)" generated="2024-02-21T12:54:46.078261" rpa="false" schemaversion="5">
<suite id="s1" name="Crm" source="/home/ankit/Robot-Framework-Test-Automation/crm/tests/crm.robot">
<test id="s1-t1" name="Sould be able to add new customer" line="13">
<kw name="Set Selenium Speed" owner="SeleniumLibrary">
<arg>.2s</arg>
<doc>Sets the delay that is waited after each Selenium command.</doc>
<status status="PASS" start="2024-02-21T12:54:46.238795" elapsed="0.000355"/>
</kw>
<kw name="Set Selenium Timeout" owner="SeleniumLibrary">
<arg>5s</arg>
<doc>Sets the timeout that is used by various keywords.</doc>
<status status="PASS" start="2024-02-21T12:54:46.239390" elapsed="0.000195"/>
</kw>
<kw name="Log" owner="BuiltIn">
<msg time="2024-02-21T12:54:46.239840" level="INFO">starting the test case!</msg>
<arg>starting the test case!</arg>
<doc>Logs the given message with the given level.</doc>
<status status="PASS" start="2024-02-21T12:54:46.239726" elapsed="0.000172"/>
</kw>
<kw name="Open Browser" owner="SeleniumLibrary">
<msg time="2024-02-21T12:54:46.240438" level="INFO">Opening browser 'firefox' to base url 'https://automationplayground.com/crm/'.</msg>
<arg>https://automationplayground.com/crm/</arg>
<arg>firefox</arg>
<doc>Opens a new browser instance to the optional ``url``.</doc>
<status status="PASS" start="2024-02-21T12:54:46.240286" elapsed="5.478661"/>
</kw>
<kw name="Maximize Browser Window" owner="SeleniumLibrary">
<doc>Maximizes current browser window.</doc>
<status status="PASS" start="2024-02-21T12:54:51.719671" elapsed="0.216992"/>
</kw>
<kw name="Wait Until Page Contains" owner="SeleniumLibrary">
<arg>Customers Are Priority One</arg>
<doc>Waits until ``text`` appears on the current page.</doc>
<status status="PASS" start="2024-02-21T12:54:51.937088" elapsed="0.217508"/>
</kw>
<kw name="Click Link" owner="SeleniumLibrary">
<msg time="2024-02-21T12:54:52.155712" level="INFO">Clicking link 'id=SignIn'.</msg>
<arg>id=SignIn</arg>
<doc>Clicks a link identified by ``locator``.</doc>
<status status="PASS" start="2024-02-21T12:54:52.155031" elapsed="1.041865"/>
</kw>
<kw name="Wait Until Page Contains" owner="SeleniumLibrary">
<arg>Login</arg>
<doc>Waits until ``text`` appears on the current page.</doc>
<status status="PASS" start="2024-02-21T12:54:53.197360" elapsed="0.211843"/>
</kw>
<kw name="Input Text" owner="SeleniumLibrary">
<msg time="2024-02-21T12:54:53.410580" level="INFO">Typing text 'admin@robotframeworktutorial.com' into text field 'id=email-id'.</msg>
<arg>id=email-id</arg>
<arg>admin@robotframeworktutorial.com</arg>
<doc>Types the given ``text`` into the text field identified by ``locator``.</doc>
<status status="PASS" start="2024-02-21T12:54:53.409955" elapsed="0.715616"/>
</kw>
<kw name="Input Text" owner="SeleniumLibrary">
<msg time="2024-02-21T12:54:54.126338" level="INFO">Typing text 'qwe' into text field 'id=password'.</msg>
<arg>id=password</arg>
<arg>qwe</arg>
<doc>Types the given ``text`` into the text field identified by ``locator``.</doc>
<status status="PASS" start="2024-02-21T12:54:54.126037" elapsed="0.637289"/>
</kw>
<kw name="Click Button" owner="SeleniumLibrary">
<msg time="2024-02-21T12:54:54.764378" level="INFO">Clicking button 'id=submit-id'.</msg>
<arg>id=submit-id</arg>
<doc>Clicks the button identified by ``locator``.</doc>
<status status="PASS" start="2024-02-21T12:54:54.763955" elapsed="1.463512"/>
</kw>
<kw name="Wait Until Page Contains" owner="SeleniumLibrary">
<arg>Our Happy Customers</arg>
<doc>Waits until ``text`` appears on the current page.</doc>
<status status="PASS" start="2024-02-21T12:54:56.228031" elapsed="0.216477"/>
</kw>
<kw name="Click Link" owner="SeleniumLibrary">
<msg time="2024-02-21T12:54:56.445520" level="INFO">Clicking link 'id=new-customer'.</msg>
<arg>id=new-customer</arg>
<doc>Clicks a link identified by ``locator``.</doc>
<status status="PASS" start="2024-02-21T12:54:56.445166" elapsed="1.025415"/>
</kw>
<kw name="Wait Until Page Contains" owner="SeleniumLibrary">
<arg>Add Customer</arg>
<doc>Waits until ``text`` appears on the current page.</doc>
<status status="PASS" start="2024-02-21T12:54:57.471189" elapsed="0.208747"/>
</kw>
<kw name="Input Text" owner="SeleniumLibrary">
<msg time="2024-02-21T12:54:57.681041" level="INFO">Typing text 'ankitnaya@gmail.com' into text field 'id=EmailAddress'.</msg>
<arg>id=EmailAddress</arg>
<arg>ankitnaya@gmail.com</arg>
<doc>Types the given ``text`` into the text field identified by ``locator``.</doc>
<status status="PASS" start="2024-02-21T12:54:57.680642" elapsed="0.700212"/>
</kw>
<kw name="Input Text" owner="SeleniumLibrary">
<msg time="2024-02-21T12:54:58.381490" level="INFO">Typing text 'ankit' into text field 'id=FirstName'.</msg>
<arg>id=FirstName</arg>
<arg>ankit</arg>
<doc>Types the given ``text`` into the text field identified by ``locator``.</doc>
<status status="PASS" start="2024-02-21T12:54:58.381218" elapsed="0.638853"/>
</kw>
<kw name="Input Text" owner="SeleniumLibrary">
<msg time="2024-02-21T12:54:59.021486" level="INFO">Typing text 'nayak' into text field 'id=LastName'.</msg>
<arg>id=LastName</arg>
<arg>nayak</arg>
<doc>Types the given ``text`` into the text field identified by ``locator``.</doc>
<status status="PASS" start="2024-02-21T12:54:59.021181" elapsed="0.639680"/>
</kw>
<kw name="Input Text" owner="SeleniumLibrary">
<msg time="2024-02-21T12:54:59.661687" level="INFO">Typing text 'Dallas' into text field 'id=City'.</msg>
<arg>id=City</arg>
<arg>Dallas</arg>
<doc>Types the given ``text`` into the text field identified by ``locator``.</doc>
<status status="PASS" start="2024-02-21T12:54:59.661361" elapsed="0.663113"/>
</kw>
<kw name="Scroll Page Down">
<kw name="Execute Javascript" owner="SeleniumLibrary">
<msg time="2024-02-21T12:55:00.325912" level="INFO">Executing JavaScript:
window.scrollTo(0, document.body.scrollHeight);
Without any arguments.</msg>
<arg>window.scrollTo(0, document.body.scrollHeight);</arg>
<doc>Executes the given JavaScript code with possible arguments.</doc>
<status status="PASS" start="2024-02-21T12:55:00.325410" elapsed="0.240707"/>
</kw>
<status status="PASS" start="2024-02-21T12:55:00.324999" elapsed="0.241325"/>
</kw>
<kw name="Select From List By Value" owner="SeleniumLibrary">
<msg time="2024-02-21T12:55:00.566995" level="INFO">Selecting options from selection list 'id=StateOrRegion' by value TX.</msg>
<arg>id=StateOrRegion</arg>
<arg>TX</arg>
<doc>Selects options from selection list ``locator`` by ``values``.</doc>
<status status="PASS" start="2024-02-21T12:55:00.566681" elapsed="1.895343"/>
</kw>
<kw name="Select Radio Button" owner="SeleniumLibrary">
<msg time="2024-02-21T12:55:02.462510" level="INFO">Selecting 'male' from radio button 'gender'.</msg>
<arg>gender</arg>
<arg>male</arg>
<doc>Sets the radio button group ``group_name`` to ``value``.</doc>
<status status="PASS" start="2024-02-21T12:55:02.462322" elapsed="0.844227"/>
</kw>
<kw name="Select Checkbox" owner="SeleniumLibrary">
<msg time="2024-02-21T12:55:03.307039" level="INFO">Selecting checkbox 'name=promos-name'.</msg>
<arg>name=promos-name</arg>
<doc>Selects the checkbox identified by ``locator``.</doc>
<status status="PASS" start="2024-02-21T12:55:03.306841" elapsed="1.270862"/>
</kw>
<kw name="Click Button" owner="SeleniumLibrary">
<msg time="2024-02-21T12:55:04.579516" level="INFO">Clicking button 'Submit'.</msg>
<arg>Submit</arg>
<doc>Clicks the button identified by ``locator``.</doc>
<status status="PASS" start="2024-02-21T12:55:04.578565" elapsed="1.185192"/>
</kw>
<kw name="Wait Until Page Contains" owner="SeleniumLibrary">
<arg>Success! New customer added.</arg>
<doc>Waits until ``text`` appears on the current page.</doc>
<status status="PASS" start="2024-02-21T12:55:05.764422" elapsed="0.208702"/>
</kw>
<kw name="Click Link" owner="SeleniumLibrary">
<msg time="2024-02-21T12:55:05.973938" level="INFO">Clicking link 'Sign Out'.</msg>
<arg>Sign Out</arg>
<doc>Clicks a link identified by ``locator``.</doc>
<status status="PASS" start="2024-02-21T12:55:05.973581" elapsed="0.903823"/>
</kw>
<kw name="Wait Until Page Contains" owner="SeleniumLibrary">
<arg>Signed Out</arg>
<doc>Waits until ``text`` appears on the current page.</doc>
<status status="PASS" start="2024-02-21T12:55:06.877940" elapsed="0.207700"/>
</kw>
<kw name="Sleep" owner="BuiltIn">
<msg time="2024-02-21T12:55:10.087239" level="INFO">Slept 3 seconds.</msg>
<arg>3s</arg>
<doc>Pauses the test executed for the given time.</doc>
<status status="PASS" start="2024-02-21T12:55:07.086095" elapsed="3.001377"/>
</kw>
<kw name="Close All Browsers" owner="SeleniumLibrary">
<doc>Closes all open browsers and resets the browser cache.</doc>
<status status="PASS" start="2024-02-21T12:55:10.087980" elapsed="0.964671"/>
</kw>
<doc>This is some basic info about the test</doc>
<tag>1006</tag>
<tag>contacts</tag>
<tag>smoke</tag>
<status status="PASS" start="2024-02-21T12:54:46.237868" elapsed="24.815185"/>
</test>
<doc>This is some basic info about suite</doc>
<status status="PASS" start="2024-02-21T12:54:46.079070" elapsed="24.974565"/>
</suite>
<statistics>
<total>
<stat pass="1" fail="0" skip="0">All Tests</stat>
</total>
<tag>
<stat pass="1" fail="0" skip="0">1006</stat>
<stat pass="1" fail="0" skip="0">contacts</stat>
<stat pass="1" fail="0" skip="0">smoke</stat>
</tag>
<suite>
<stat pass="1" fail="0" skip="0" id="s1" name="Crm">Crm</stat>
</suite>
</statistics>
<errors>
</errors>
</robot>
